2023/02/14 23:41:52 [notice] 1#1: using the "epoll" event method
2023/02/14 23:41:52 [notice] 1#1: nginx/1.23.3
2023/02/14 23:41:52 [notice] 1#1: built by gcc 12.2.1 20220924 (Alpine 12.2.1_git20220924-r4) 
2023/02/14 23:41:52 [notice] 1#1: OS: Linux 5.15.0-60-generic
2023/02/14 23:41:52 [notice] 1#1: getrlimit(RLIMIT_NOFILE): 1048576:1048576
2023/02/14 23:41:52 [notice] 1#1: start worker processes
2023/02/14 23:41:52 [notice] 1#1: start worker process 21
2023/02/14 23:41:52 [notice] 1#1: start worker process 22
2023/02/14 23:41:52 [notice] 1#1: start worker process 23
2023/02/14 23:41:52 [notice] 1#1: start worker process 24
2023/02/18 01:57:01 [notice] 1#1: using the "epoll" event method
2023/02/18 01:57:01 [notice] 1#1: nginx/1.23.3
2023/02/18 01:57:01 [notice] 1#1: built by gcc 12.2.1 20220924 (Alpine 12.2.1_git20220924-r4) 
2023/02/18 01:57:01 [notice] 1#1: OS: Linux 5.15.0-60-generic
2023/02/18 01:57:01 [notice] 1#1: getrlimit(RLIMIT_NOFILE): 1048576:1048576
2023/02/18 01:57:01 [notice] 1#1: start worker processes
2023/02/18 01:57:01 [notice] 1#1: start worker process 20
2023/02/18 01:57:01 [notice] 1#1: start worker process 21
2023/02/18 01:57:01 [notice] 1#1: start worker process 22
2023/02/18 01:57:01 [notice] 1#1: start worker process 23
2023/02/18 03:52:26 [notice] 1#1: signal 3 (SIGQUIT) received, shutting down
2023/02/18 03:52:26 [notice] 21#21: gracefully shutting down
2023/02/18 03:52:26 [notice] 22#22: gracefully shutting down
2023/02/18 03:52:26 [notice] 21#21: exiting
2023/02/18 03:52:26 [notice] 22#22: exiting
2023/02/18 03:52:26 [notice] 23#23: gracefully shutting down
2023/02/18 03:52:26 [notice] 21#21: exit
2023/02/18 03:52:26 [notice] 22#22: exit
2023/02/18 03:52:26 [notice] 23#23: exiting
2023/02/18 03:52:26 [notice] 23#23: exit
2023/02/18 03:52:26 [notice] 20#20: gracefully shutting down
2023/02/18 03:52:26 [notice] 20#20: exiting
2023/02/18 03:52:26 [notice] 20#20: exit
2023/02/18 03:52:26 [notice] 1#1: signal 17 (SIGCHLD) received from 20
2023/02/18 03:52:26 [notice] 1#1: worker process 20 exited with code 0
2023/02/18 03:52:26 [notice] 1#1: worker process 23 exited with code 0
2023/02/18 03:52:26 [notice] 1#1: signal 29 (SIGIO) received
2023/02/18 03:52:26 [notice] 1#1: signal 17 (SIGCHLD) received from 22
2023/02/18 03:52:26 [notice] 1#1: worker process 22 exited with code 0
2023/02/18 03:52:26 [notice] 1#1: signal 29 (SIGIO) received
2023/02/18 03:52:26 [notice] 1#1: signal 17 (SIGCHLD) received from 21
2023/02/18 03:52:26 [notice] 1#1: worker process 21 exited with code 0
2023/02/18 03:52:26 [notice] 1#1: exit
2023/02/28 19:14:43 [notice] 1#1: using the "epoll" event method
2023/02/28 19:14:43 [notice] 1#1: nginx/1.23.3
2023/02/28 19:14:43 [notice] 1#1: built by gcc 12.2.1 20220924 (Alpine 12.2.1_git20220924-r4) 
2023/02/28 19:14:43 [notice] 1#1: OS: Linux 5.15.0-60-generic
2023/02/28 19:14:43 [notice] 1#1: getrlimit(RLIMIT_NOFILE): 1048576:1048576
2023/02/28 19:14:43 [notice] 1#1: start worker processes
2023/02/28 19:14:43 [notice] 1#1: start worker process 20
2023/02/28 19:14:43 [notice] 1#1: start worker process 21
2023/02/28 19:14:43 [notice] 1#1: start worker process 22
2023/02/28 19:14:43 [notice] 1#1: start worker process 23
2023/03/01 13:29:52 [notice] 1#1: using the "epoll" event method
2023/03/01 13:29:52 [notice] 1#1: nginx/1.23.3
2023/03/01 13:29:52 [notice] 1#1: built by gcc 12.2.1 20220924 (Alpine 12.2.1_git20220924-r4) 
2023/03/01 13:29:52 [notice] 1#1: OS: Linux 5.15.0-60-generic
2023/03/01 13:29:52 [notice] 1#1: getrlimit(RLIMIT_NOFILE): 1048576:1048576
2023/03/01 13:29:52 [notice] 1#1: start worker processes
2023/03/01 13:29:52 [notice] 1#1: start worker process 21
2023/03/01 13:29:52 [notice] 1#1: start worker process 22
2023/03/01 13:29:52 [notice] 1#1: start worker process 23
2023/03/01 13:29:52 [notice] 1#1: start worker process 24
